"../../../../../../WhaleplaneStudios/FinanceRun/Content/Geometry/Meshes/CubeMaterial.uasset" 0
"../../../../../../WhaleplaneStudios/FinanceRun/Content/Geometry/Meshes/TemplateFloor.uasset" 1
"../../../../../../WhaleplaneStudios/FinanceRun/Content/Mannequin/Character/Mesh/UE4_Mannequin_Skeleton.uasset" 2
"../../../../../../WhaleplaneStudios/FinanceRun/Content/Mannequin/Animations/ThirdPersonJump_End.uasset" 3
"../../../../../../WhaleplaneStudios/FinanceRun/Content/StarterContent/Materials/M_Basic_Wall.uasset" 4
"../../../../../../WhaleplaneStudios/FinanceRun/Content/StarterContent/Architecture/Pillar_50x500.uasset" 5
"../../../../../../WhaleplaneStudios/FinanceRun/Content/StarterContent/Architecture/Wall_400x300.uasset" 6
"../../../../../../WhaleplaneStudios/FinanceRun/Content/StarterContent/Architecture/Wall_400x400.uasset" 7
"../../../../../../WhaleplaneStudios/FinanceRun/Content/StarterContent/Architecture/Wall_500x500.uasset" 8
"../../../../../../WhaleplaneStudios/FinanceRun/Content/StarterContent/Architecture/Wall_Door_400x400.uasset" 9
"../../../../../../WhaleplaneStudios/FinanceRun/Content/StarterContent/Architecture/Wall_Window_400x400.uasset" 10
"../../../../../../WhaleplaneStudios/FinanceRun/Content/StarterContent/Audio/Collapse01.uasset" 11
"../../../../../../WhaleplaneStudios/FinanceRun/Content/StarterContent/Audio/Collapse02.uasset" 12
"../../../../../../WhaleplaneStudios/FinanceRun/Content/StarterContent/Audio/Explosion01.uasset" 13
"../../../../../../WhaleplaneStudios/FinanceRun/Content/StarterContent/Audio/Explosion02.uasset" 14
"../../../../../../WhaleplaneStudios/FinanceRun/Content/StarterContent/Audio/Fire01.uasset" 15
"../../../../../../WhaleplaneStudios/FinanceRun/Content/StarterContent/Audio/Fire_Sparks01.uasset" 16
"../../../../../../WhaleplaneStudios/FinanceRun/Content/StarterContent/Audio/Light01.uasset" 17
"../../../../../../WhaleplaneStudios/FinanceRun/Content/StarterContent/Audio/Light01_Cue.uasset" 18
"../../../../../../WhaleplaneStudios/FinanceRun/Content/StarterContent/Audio/Light02.uasset" 19
"../../../../../../WhaleplaneStudios/FinanceRun/Content/StarterContent/Audio/Light02_Cue.uasset" 20
"../../../../../../WhaleplaneStudios/FinanceRun/Content/StarterContent/Audio/Smoke01.uasset" 21
"../../../../../../WhaleplaneStudios/FinanceRun/Content/StarterContent/Audio/Starter_Birds01.uasset" 22
"../../../../../../WhaleplaneStudios/FinanceRun/Content/StarterContent/Audio/Starter_Music01.uasset" 23
"../../../../../../WhaleplaneStudios/FinanceRun/Content/StarterContent/Audio/Starter_Wind05.uasset" 24
"../../../../../../WhaleplaneStudios/FinanceRun/Content/StarterContent/Audio/Starter_Wind06.uasset" 25
"../../../../../../WhaleplaneStudios/FinanceRun/Content/StarterContent/Audio/Steam01.uasset" 26
"../../../../../../WhaleplaneStudios/FinanceRun/Content/StarterContent/Audio/Explosion_Cue.uasset" 27
"../../../../../../WhaleplaneStudios/FinanceRun/Content/StarterContent/Textures/T_Burst_M.uasset" 28
"../../../../../../WhaleplaneStudios/FinanceRun/Content/StarterContent/Particles/Materials/M_Burst.uasset" 29
"../../../../../../WhaleplaneStudios/FinanceRun/Content/StarterContent/Textures/T_Explosion_SubUV.uasset" 30
"../../../../../../WhaleplaneStudios/FinanceRun/Content/StarterContent/Particles/Materials/M_explosion_subUV.uasset" 31
"../../../../../../WhaleplaneStudios/FinanceRun/Content/StarterContent/Particles/Materials/m_flare_01.uasset" 32
"../../../Engine/Content/Functions/Engine_MaterialFunctions01/Gradient/RadialGradient.uasset" 33
"../../../../../../WhaleplaneStudios/FinanceRun/Content/StarterContent/Particles/Materials/M_radial_ramp.uasset" 34
"../../../../../../WhaleplaneStudios/FinanceRun/Content/StarterContent/Textures/T_Smoke_SubUV.uasset" 35
"../../../../../../WhaleplaneStudios/FinanceRun/Content/StarterContent/Textures/T_Smoke_Tiled_D.uasset" 36
"../../../../../../WhaleplaneStudios/FinanceRun/Content/StarterContent/Particles/Materials/M_smoke_subUV.uasset" 37
"../../../../../../WhaleplaneStudios/FinanceRun/Content/StarterContent/Particles/P_Explosion.uasset" 38
"../../../../../../WhaleplaneStudios/FinanceRun/Content/StarterContent/Blueprints/Blueprint_Effect_Explosion.uasset" 39
"../../../Engine/Content/EditorMeshes/ColorCalibrator/T_ColorGrid.uasset" 40
"../../../../../../WhaleplaneStudios/FinanceRun/Content/StarterContent/Materials/M_ColorGrid_LowSpec.uasset" 41
"../../../../../../WhaleplaneStudios/FinanceRun/Content/StarterContent/Textures/T_Bush_D.uasset" 42
"../../../../../../WhaleplaneStudios/FinanceRun/Content/StarterContent/Textures/T_Bush_N.uasset" 43
"../../../../../../WhaleplaneStudios/FinanceRun/Content/StarterContent/Props/Materials/M_Bush.uasset" 44
"../../../../../../WhaleplaneStudios/FinanceRun/Content/StarterContent/Props/SM_Bush.uasset" 45
"../../../../../../WhaleplaneStudios/FinanceRun/Content/StarterContent/Textures/T_Chair_M.uasset" 46
"../../../../../../WhaleplaneStudios/FinanceRun/Content/StarterContent/Textures/T_Chair_N.uasset" 47
"../../../../../../WhaleplaneStudios/FinanceRun/Content/StarterContent/Props/Materials/M_Chair.uasset" 48
"../../../../../../WhaleplaneStudios/FinanceRun/Content/StarterContent/Props/SM_Couch.uasset" 49
"../../../../../../WhaleplaneStudios/FinanceRun/Content/StarterContent/Materials/M_Glass.uasset" 50
"../../../../../../WhaleplaneStudios/FinanceRun/Content/StarterContent/Textures/T_Door_M.uasset" 51
"../../../../../../WhaleplaneStudios/FinanceRun/Content/StarterContent/Textures/T_Door_N.uasset" 52
"../../../../../../WhaleplaneStudios/FinanceRun/Content/StarterContent/Props/Materials/M_Door.uasset" 53
"../../../../../../WhaleplaneStudios/FinanceRun/Content/StarterContent/Props/SM_Door.uasset" 54
"../../../../../../WhaleplaneStudios/FinanceRun/Content/StarterContent/Props/Materials/M_MaterialSphere.uasset" 55
"../../../../../../WhaleplaneStudios/FinanceRun/Content/StarterContent/Props/Materials/M_MaterialSphere_Plain.uasset" 56
"../../../../../../WhaleplaneStudios/FinanceRun/Content/StarterContent/Props/SM_MatPreviewMesh_02.uasset" 57
"../../../Engine/Content/Functions/Engine_MaterialFunctions02/Utility/BlendAngleCorrectedNormals.uasset" 58
"../../../../../../WhaleplaneStudios/FinanceRun/Content/StarterContent/Textures/T_Detail_Rocky_N.uasset" 59
"../../../../../../WhaleplaneStudios/FinanceRun/Content/StarterContent/Textures/T_Rock_Basalt_D.uasset" 60
"../../../../../../WhaleplaneStudios/FinanceRun/Content/StarterContent/Textures/T_RockMesh_M.uasset" 61
"../../../../../../WhaleplaneStudios/FinanceRun/Content/StarterContent/Textures/T_RockMesh_N.uasset" 62
"../../../../../../WhaleplaneStudios/FinanceRun/Content/StarterContent/Props/Materials/M_Rock.uasset" 63
"../../../../../../WhaleplaneStudios/FinanceRun/Content/StarterContent/Props/SM_Rock.uasset" 64
"../../../../../../WhaleplaneStudios/FinanceRun/Content/StarterContent/Textures/T_Shelf_M.uasset" 65
"../../../../../../WhaleplaneStudios/FinanceRun/Content/StarterContent/Textures/T_Shelf_N.uasset" 66
"../../../../../../WhaleplaneStudios/FinanceRun/Content/StarterContent/Props/Materials/M_Shelf.uasset" 67
"../../../../../../WhaleplaneStudios/FinanceRun/Content/StarterContent/Props/SM_Shelf.uasset" 68
"../../../../../../WhaleplaneStudios/FinanceRun/Content/StarterContent/Materials/M_Basic_Floor.uasset" 69
"../../../../../../WhaleplaneStudios/FinanceRun/Content/StarterContent/Props/SM_Stairs.uasset" 70
"../../../../../../WhaleplaneStudios/FinanceRun/Content/StarterContent/Shapes/Shape_Cone.uasset" 71
"../../../../../../WhaleplaneStudios/FinanceRun/Content/StarterContent/Shapes/Shape_Cylinder.uasset" 72
"../../../../../../WhaleplaneStudios/FinanceRun/Content/StarterContent/Shapes/Shape_NarrowCapsule.uasset" 73
"../../../../../../WhaleplaneStudios/FinanceRun/Content/StarterContent/Shapes/Shape_Pipe.uasset" 74
"../../../../../../WhaleplaneStudios/FinanceRun/Content/StarterContent/Shapes/Shape_Pipe_180.uasset" 75
"../../../../../../WhaleplaneStudios/FinanceRun/Content/StarterContent/Shapes/Shape_Pipe_90.uasset" 76
"../../../../../../WhaleplaneStudios/FinanceRun/Content/StarterContent/Shapes/Shape_Plane.uasset" 77
"../../../../../../WhaleplaneStudios/FinanceRun/Content/StarterContent/Shapes/Shape_Torus.uasset" 78
"../../../../../../WhaleplaneStudios/FinanceRun/Content/StarterContent/Shapes/Shape_Trim.uasset" 79
"../../../../../../WhaleplaneStudios/FinanceRun/Content/StarterContent/Shapes/Shape_Trim_90_In.uasset" 80
"../../../../../../WhaleplaneStudios/FinanceRun/Content/StarterContent/Shapes/Shape_Trim_90_Out.uasset" 81
"../../../../../../WhaleplaneStudios/FinanceRun/Content/StarterContent/Shapes/Shape_TriPyramid.uasset" 82
"../../../../../../WhaleplaneStudios/FinanceRun/Content/StarterContent/Shapes/Shape_Tube.uasset" 83
"../../../../../../WhaleplaneStudios/FinanceRun/Content/StarterContent/Shapes/Shape_Wedge_A.uasset" 84
"../../../../../../WhaleplaneStudios/FinanceRun/Content/StarterContent/Shapes/Shape_Wedge_B.uasset" 85
"../../../../../../WhaleplaneStudios/FinanceRun/Content/StarterContent/Shapes/Shape_WideCapsule.uasset" 86
"../../../../../../WhaleplaneStudios/FinanceRun/Content/TopDownBP/TopDownOverview.uasset" 87
"../../../../../../WhaleplaneStudios/FinanceRun/Content/_FinanceRun/Animations/fr_anim_attack.uasset" 88
"../../../../../../WhaleplaneStudios/FinanceRun/Content/_FinanceRun/Audio/fr_s_footstep__10_.uasset" 89
"../../../../../../WhaleplaneStudios/FinanceRun/Content/_FinanceRun/Audio/fr_s_footstep__11_.uasset" 90
"../../../../../../WhaleplaneStudios/FinanceRun/Content/_FinanceRun/Audio/fr_s_footstep__12_.uasset" 91
"../../../../../../WhaleplaneStudios/FinanceRun/Content/_FinanceRun/Audio/fr_s_footstep__13_.uasset" 92
"../../../../../../WhaleplaneStudios/FinanceRun/Content/_FinanceRun/Audio/fr_s_footstep__1_.uasset" 93
"../../../../../../WhaleplaneStudios/FinanceRun/Content/_FinanceRun/Audio/fr_s_footstep__2_.uasset" 94
"../../../../../../WhaleplaneStudios/FinanceRun/Content/_FinanceRun/Audio/fr_s_footstep__3_.uasset" 95
"../../../../../../WhaleplaneStudios/FinanceRun/Content/_FinanceRun/Audio/fr_s_footstep__4_.uasset" 96
"../../../../../../WhaleplaneStudios/FinanceRun/Content/_FinanceRun/Audio/fr_s_footstep__5_.uasset" 97
"../../../../../../WhaleplaneStudios/FinanceRun/Content/_FinanceRun/Audio/fr_s_footstep__6_.uasset" 98
"../../../../../../WhaleplaneStudios/FinanceRun/Content/_FinanceRun/Audio/fr_s_footstep__7_.uasset" 99
"../../../../../../WhaleplaneStudios/FinanceRun/Content/_FinanceRun/Audio/fr_s_footstep__8_.uasset" 100
"../../../../../../WhaleplaneStudios/FinanceRun/Content/_FinanceRun/Audio/fr_s_footstep__9_.uasset" 101
"../../../../../../WhaleplaneStudios/FinanceRun/Content/_FinanceRun/Audio/fr_s_menuHover.uasset" 102
"../../../../../../WhaleplaneStudios/FinanceRun/Content/Mannequin/Animations/ThirdPerson_Jump.uasset" 103
"../../../../../../WhaleplaneStudios/FinanceRun/Content/Mannequin/Animations/ThirdPersonJump_Loop.uasset" 104
"../../../../../../WhaleplaneStudios/FinanceRun/Content/Mannequin/Animations/ThirdPersonJump_Start.uasset" 105
"../../../../../../WhaleplaneStudios/FinanceRun/Content/Mannequin/Animations/ThirdPersonIdle.uasset" 106
"../../../../../../WhaleplaneStudios/FinanceRun/Content/Mannequin/Animations/ThirdPersonRun.uasset" 107
"../../../../../../WhaleplaneStudios/FinanceRun/Content/Mannequin/Animations/ThirdPersonWalk.uasset" 108
"../../../../../../WhaleplaneStudios/FinanceRun/Content/Mannequin/Animations/ThirdPerson_IdleRun_2D.uasset" 109
"../../../Engine/Content/EditorBlueprintResources/StandardMacros.uasset" 110
"../../../../../../WhaleplaneStudios/FinanceRun/Content/Mannequin/Animations/ThirdPerson_AnimBP.uasset" 111
"../../../../../../WhaleplaneStudios/FinanceRun/Content/_FinanceRun/Animations/fr_anim_hurt.uasset" 112
"../../../../../../WhaleplaneStudios/FinanceRun/Content/_FinanceRun/Animations/fr_anim_punch.uasset" 113
"../../../../../../WhaleplaneStudios/FinanceRun/Content/_FinanceRun/Animations/fr_anim_idle.uasset" 114
"../../Plugins/FX/Niagara/Content/DefaultAssets/DefaultSpriteMaterial.uasset" 115
"../../Plugins/FX/Niagara/Content/DynamicInputs/Angles/NormalizedAngleToDegrees.uasset" 116
"../../Plugins/FX/Niagara/Content/DynamicInputs/Helpers/SimulationPosition.uasset" 117
"../../Plugins/FX/Niagara/Content/Enums/ENiagaraRandomnessMode.uasset" 118
"../../Plugins/FX/Niagara/Content/Functions/GetRandomInfo.uasset" 119
"../../Plugins/FX/Niagara/Content/Functions/RandomRange.uasset" 120
"../../Plugins/FX/Niagara/Content/DynamicInputs/UniformRange/UniformRangedFloat.uasset" 121
"../../Plugins/FX/Niagara/Content/DynamicInputs/ValueFromCurve/FloatFromCurve.uasset" 122
"../../Plugins/FX/Niagara/Content/Functions/Localspace/SimulationPosition.uasset" 123
"../../Plugins/FX/Niagara/Content/Functions/Emitter/EmitterChangeState.uasset" 124
"../../Plugins/FX/Niagara/Content/Modules/Emitter/EmitterLifeCycle.uasset" 125
"../../Plugins/FX/Niagara/Content/Modules/Emitter/SpawnBurst_Instantaneous.uasset" 126
"../../Plugins/FX/Niagara/Content/Modules/Scalability/SystemScalability.uasset" 127
"../../Plugins/FX/Niagara/Content/Functions/DirectionAndLengthSafe.uasset" 128
"../../Plugins/FX/Niagara/Content/Modules/Solvers/SolveForcesAndVelocity.uasset" 129
"../../Plugins/FX/Niagara/Content/Modules/Spawn/Initialization/InitializeParticle.uasset" 130
"../../Plugins/FX/Niagara/Content/Enums/ENiagaraCoordinateSpace.uasset" 131
"../../Plugins/FX/Niagara/Content/Functions/Localspace/ENiagaraCoordinateSpace.uasset" 132
"../../Plugins/FX/Niagara/Content/Functions/Localspace/TransformBase.uasset" 133
"../../Plugins/FX/Niagara/Content/Functions/Localspace/TransformVector.uasset" 134
"../../Plugins/FX/Niagara/Content/Functions/RandomPointInSphere.uasset" 135
"../../Plugins/FX/Niagara/Content/Enums/ENiagaraExpansionMode.uasset" 136
"../../Plugins/FX/Niagara/Content/Modules/Spawn/Location/SphereLocation.uasset" 137
"../../Plugins/FX/Niagara/Content/Functions/NormalizeDistanceRange.uasset" 138
"../../Plugins/FX/Niagara/Content/Functions/DistanceBasedFalloff.uasset" 139
"../../Plugins/FX/Niagara/Content/Functions/RandomUnitVector.uasset" 140
"../../Plugins/FX/Niagara/Content/Functions/RandomVector.uasset" 141
"../../Plugins/FX/Niagara/Content/Modules/Spawn/Velocity/AddVelocityFromPoint.uasset" 142
"../../Plugins/FX/Niagara/Content/Functions/System/SystemChangeState.uasset" 143
"../../Plugins/FX/Niagara/Content/Modules/System/SystemLifeCycle.uasset" 144
"../../Plugins/FX/Niagara/Content/Enums/ENiagaraScaleColorMode.uasset" 145
"../../Plugins/FX/Niagara/Content/Modules/Update/Color/ScaleColor.uasset" 146
"../../Plugins/FX/Niagara/Content/Modules/Update/Lifetime/ParticleState.uasset" 147
"../../Plugins/FX/Niagara/Content/Enums/ENiagaraMassByVolume.uasset" 148
"../../../../../../WhaleplaneStudios/FinanceRun/Content/_FinanceRun/Particles/fr_fx_footstep.uasset" 149
"../../../../../../WhaleplaneStudios/FinanceRun/Content/_FinanceRun/Audio/fr_sc_master.uasset" 150
"../../../../../../WhaleplaneStudios/FinanceRun/Content/_FinanceRun/Audio/fr_cue_footstep.uasset" 151
"../../../../../../WhaleplaneStudios/FinanceRun/Content/_FinanceRun/Animations/fr_anim_run.uasset" 152
"../../../../../../WhaleplaneStudios/FinanceRun/Content/_FinanceRun/Animations/fr_animgraph_idlerun.uasset" 153
"../../../../../../WhaleplaneStudios/FinanceRun/Content/_FinanceRun/Animations/fr_animbp_player.uasset" 154
"../../../../../../WhaleplaneStudios/FinanceRun/Content/EasySave/mySaver.uasset" 155
"../../../../../../WhaleplaneStudios/FinanceRun/Content/EasySave/easySave.uasset" 156
"../../../../../../WhaleplaneStudios/FinanceRun/Content/EasySave/savedTypes.uasset" 157
"../../../../../../WhaleplaneStudios/FinanceRun/Content/EasySave/easySaveObject.uasset" 158
"../../../../../../WhaleplaneStudios/FinanceRun/Content/_FinanceRun/Audio/fr_s_menuClick.uasset" 159
"../../../../../../WhaleplaneStudios/FinanceRun/Content/_FinanceRun/Audio/fr_cue_menuClick.uasset" 160
"../../../../../../WhaleplaneStudios/FinanceRun/Content/_FinanceRun/Audio/fr_cue_menuHover.uasset" 161
"../../../../../../WhaleplaneStudios/FinanceRun/Content/_FinanceRun/UI/fr_w_loading.uasset" 162
"../../../../../../WhaleplaneStudios/FinanceRun/Content/_FinanceRun/Audio/fr_sm_master.uasset" 163
"../../../../../../WhaleplaneStudios/FinanceRun/Content/_FinanceRun/UI/fr_w_options.uasset" 164
"../../../../../../WhaleplaneStudios/FinanceRun/Content/_FinanceRun/UI/fr_w_mainMenu.uasset" 165
"../../../Engine/Content/Functions/MaterialLayerFunctions/MatLayerBlend_NormalBlend.uasset" 166
"../../../Engine/Content/Functions/MaterialLayerFunctions/MatLayerBlend_Simple.uasset" 167
"../../../../../../WhaleplaneStudios/FinanceRun/Content/Mannequin/Character/Materials/MaterialLayers/T_ML_Rubber_Blue_01_D.uasset" 168
"../../../../../../WhaleplaneStudios/FinanceRun/Content/Mannequin/Character/Materials/MaterialLayers/T_ML_Rubber_Blue_01_N.uasset" 169
"../../../../../../WhaleplaneStudios/FinanceRun/Content/Mannequin/Character/Materials/MaterialLayers/ML_GlossyBlack_Latex_UE4.uasset" 170
"../../../../../../WhaleplaneStudios/FinanceRun/Content/Mannequin/Character/Materials/MaterialLayers/ML_Plastic_Shiny_Beige.uasset" 171
"../../../../../../WhaleplaneStudios/FinanceRun/Content/Mannequin/Character/Textures/UE4_LOGO_CARD.uasset" 172
"../../../../../../WhaleplaneStudios/FinanceRun/Content/Mannequin/Character/Materials/MaterialLayers/ML_Plastic_Shiny_Beige_LOGO.uasset" 173
"../../../../../../WhaleplaneStudios/FinanceRun/Content/Mannequin/Character/Materials/MaterialLayers/T_ML_Aluminum01.uasset" 174
"../../../../../../WhaleplaneStudios/FinanceRun/Content/Mannequin/Character/Materials/MaterialLayers/T_ML_Aluminum01_N.uasset" 175
"../../../../../../WhaleplaneStudios/FinanceRun/Content/Mannequin/Character/Materials/MaterialLayers/ML_SoftMetal_UE4.uasset" 176
"../../../../../../WhaleplaneStudios/FinanceRun/Content/Mannequin/Character/Textures/UE4_Mannequin__normals.uasset" 177
"../../../../../../WhaleplaneStudios/FinanceRun/Content/Mannequin/Character/Textures/UE4_Mannequin_MAT_MASKA.uasset" 178
"../../../../../../WhaleplaneStudios/FinanceRun/Content/Mannequin/Character/Materials/M_UE4Man_Body.uasset" 179
"../../../../../../WhaleplaneStudios/FinanceRun/Content/Mannequin/Character/Textures/UE4Man_Logo_N.uasset" 180
"../../../../../../WhaleplaneStudios/FinanceRun/Content/Mannequin/Character/Materials/M_UE4Man_ChestLogo.uasset" 181
"../../../../../../WhaleplaneStudios/FinanceRun/Content/Mannequin/Character/Mesh/SK_Mannequin_PhysicsAsset.uasset" 182
"../../../../../../WhaleplaneStudios/FinanceRun/Content/Mannequin/Character/Mesh/SK_Mannequin.uasset" 183
"../../../../../../WhaleplaneStudios/FinanceRun/Content/_FinanceRun/Blueprints/Character/fr_bp_coreCharacter.uasset" 184
"../../../../../../WhaleplaneStudios/FinanceRun/Content/_FinanceRun/UI/fr_w_retirementPopup3.uasset" 185
"../../../../../../WhaleplaneStudios/FinanceRun/Content/_FinanceRun/Data/fr_struct_jobRows.uasset" 186
"../../../../../../WhaleplaneStudios/FinanceRun/Content/_FinanceRun/Data/fr_data_jobs.uasset" 187
"../../../Engine/Content/Functions/Engine_MaterialFunctions01/Density/ExponentialDensity.uasset" 188
"../../../Engine/Content/Functions/Engine_MaterialFunctions01/Gradient/RadialGradientExponential.uasset" 189
"../../../../../../WhaleplaneStudios/FinanceRun/Content/_FinanceRun/Blueprints/Character/fr_t_cursor.uasset" 190
"../../../../../../WhaleplaneStudios/FinanceRun/Content/_FinanceRun/Materials/fr_mat_invisible.uasset" 191
"../../Plugins/FX/Niagara/Content/DefaultAssets/DefaultRIbbonMaterial.uasset" 192
"../../Plugins/FX/Niagara/Content/DynamicInputs/TypeConversions/Vector2DFromFloat.uasset" 193
"../../Plugins/FX/Niagara/Content/Functions/Helpers/AdvancePositionWithAcceleration.uasset" 194
"../../Plugins/FX/Niagara/Content/DefaultAssets/Structs/LocationEvent.uasset" 195
"../../Plugins/FX/Niagara/Content/Modules/Events/GenerateLocationEvent.uasset" 196
"../../Plugins/FX/Niagara/Content/Modules/Events/ReceiveLocationEvent.uasset" 197
"../../Plugins/FX/Niagara/Content/Modules/Spawn/Initialization/InitializeRibbon.uasset" 198
"../../Plugins/FX/Niagara/Content/Modules/Update/Forces/Drag.uasset" 199
"../../Plugins/FX/Niagara/Content/Modules/Update/Forces/GravityForce.uasset" 200
"../../Plugins/FX/Niagara/Content/Modules/Update/Mass/CalculateSizeAndRotationalInertiaByMass.uasset" 201
"../../Plugins/FX/Niagara/Content/Modules/Update/Size/SpriteSizeScale.uasset" 202
"../../../../../../WhaleplaneStudios/FinanceRun/Content/_FinanceRun/Particles/fr_fx_playerHit.uasset" 203
"../../../../../../WhaleplaneStudios/FinanceRun/Content/_FinanceRun/UI/fr_w_combat.uasset" 204
"../../../../../../WhaleplaneStudios/FinanceRun/Content/_FinanceRun/Audio/fr_s_enemyEngage.uasset" 205
"../../../../../../WhaleplaneStudios/FinanceRun/Content/_FinanceRun/Audio/fr_cue_enemyEngage.uasset" 206
"../../../../../../WhaleplaneStudios/FinanceRun/Content/_FinanceRun/Audio/fr_s_hurt.uasset" 207
"../../../../../../WhaleplaneStudios/FinanceRun/Content/_FinanceRun/Audio/fr_cue_hurt.uasset" 208
"../../../../../../WhaleplaneStudios/FinanceRun/Content/_FinanceRun/Audio/fr_s_menuPopup.uasset" 209
"../../../../../../WhaleplaneStudios/FinanceRun/Content/_FinanceRun/Audio/fr_cue_menuPopup.uasset" 210
"../../../../../../WhaleplaneStudios/FinanceRun/Content/_FinanceRun/Audio/fr_s_musicGame.uasset" 211
"../../../../../../WhaleplaneStudios/FinanceRun/Content/_FinanceRun/Audio/fr_cue_musicGame.uasset" 212
"../../../../../../WhaleplaneStudios/FinanceRun/Content/_FinanceRun/Materials/fr_mat_metalPlayer.uasset" 213
"../../../../../../WhaleplaneStudios/FinanceRun/Content/_FinanceRun/Meshes/fr_m_playerFoot.uasset" 214
"../../../../../../WhaleplaneStudios/FinanceRun/Content/_FinanceRun/Materials/fr_mat_playerInner.uasset" 215
"../../../../../../WhaleplaneStudios/FinanceRun/Content/_FinanceRun/Meshes/fr_m_playerHand.uasset" 216
"../../../../../../WhaleplaneStudios/FinanceRun/Content/_FinanceRun/Meshes/fr_m_playerHead.uasset" 217
"../../../../../../WhaleplaneStudios/FinanceRun/Content/_FinanceRun/Meshes/fr_m_playerTorso.uasset" 218
"../../../../../../WhaleplaneStudios/FinanceRun/Content/_FinanceRun/UI/fr_w_pause.uasset" 219
"../../../../../../WhaleplaneStudios/FinanceRun/Content/_FinanceRun/UI/fr_tex_pause.uasset" 220
"../../../../../../WhaleplaneStudios/FinanceRun/Content/_FinanceRun/UI/fr_w_hud.uasset" 221
"../../../../../../WhaleplaneStudios/FinanceRun/Content/_FinanceRun/Blueprints/Character/fr_bp_playerCharacter.uasset" 222
"../../../../../../WhaleplaneStudios/FinanceRun/Content/_FinanceRun/Blueprints/Enemy/Core/fr_bb_enemy.uasset" 223
"../../../../../../WhaleplaneStudios/FinanceRun/Content/_FinanceRun/Blueprints/Enemy/Core/f_bts_updateInCombat.uasset" 224
"../../../../../../WhaleplaneStudios/FinanceRun/Content/_FinanceRun/Blueprints/Enemy/Core/f_btt_getRandomPosition.uasset" 225
"../../../../../../WhaleplaneStudios/FinanceRun/Content/_FinanceRun/Blueprints/Enemy/Core/f_btt_startCombat.uasset" 226
"../../../../../../WhaleplaneStudios/FinanceRun/Content/_FinanceRun/Blueprints/Enemy/Core/fr_btd_getWithinDistance.uasset" 227
"../../../../../../WhaleplaneStudios/FinanceRun/Content/_FinanceRun/Blueprints/Enemy/Core/fr_bts_updateDistance.uasset" 228
"../../../../../../WhaleplaneStudios/FinanceRun/Content/_FinanceRun/Blueprints/Enemy/Core/fr_bt_enemy.uasset" 229
"../../../../../../WhaleplaneStudios/FinanceRun/Content/_FinanceRun/Blueprints/Enemy/Core/fr_bp_enemyController.uasset" 230
"../../../../../../WhaleplaneStudios/FinanceRun/Content/_FinanceRun/Particles/fr_fx_enemyHit.uasset" 231
"../../../../../../WhaleplaneStudios/FinanceRun/Content/_FinanceRun/Audio/fr_s_enemyDefeat.uasset" 232
"../../../../../../WhaleplaneStudios/FinanceRun/Content/_FinanceRun/Audio/fr_cue_enemyDefeat.uasset" 233
"../../../../../../WhaleplaneStudios/FinanceRun/Content/_FinanceRun/Audio/fr_s_hit.uasset" 234
"../../../../../../WhaleplaneStudios/FinanceRun/Content/_FinanceRun/Audio/fr_cue_hit.uasset" 235
"../../../../../../WhaleplaneStudios/FinanceRun/Content/Geometry/Meshes/1M_Cube.uasset" 236
"../../../../../../WhaleplaneStudios/FinanceRun/Content/_FinanceRun/Blueprints/Enemy/Core/fr_bp_enemy.uasset" 237
"../../../../../../WhaleplaneStudios/FinanceRun/Content/_FinanceRun/Blueprints/Enemy/fr_bp_enemy.uasset" 238
"../../../../../../WhaleplaneStudios/FinanceRun/Content/_FinanceRun/Materials/fr_mat_bill.uasset" 239
"../../../../../../WhaleplaneStudios/FinanceRun/Content/_FinanceRun/Materials/fr_mat_controller.uasset" 240
"../../../../../../WhaleplaneStudios/FinanceRun/Content/_FinanceRun/Meshes/fr_m_entertainment.uasset" 241
"../../../../../../WhaleplaneStudios/FinanceRun/Content/_FinanceRun/Blueprints/Enemy/fr_bp_enemyEntertainment.uasset" 242
"../../../../../../WhaleplaneStudios/FinanceRun/Content/_FinanceRun/Blueprints/Enemy/fr_bp_enemyHobbies.uasset" 243
"../../../../../../WhaleplaneStudios/FinanceRun/Content/_FinanceRun/Materials/fr_mat_floor.uasset" 244
"../../../../../../WhaleplaneStudios/FinanceRun/Content/_FinanceRun/Meshes/fr_m_tileFloor.uasset" 245
"../../../../../../WhaleplaneStudios/FinanceRun/Content/_FinanceRun/Blueprints/Room/fr_bp_tileFloor.uasset" 246
"../../../../../../WhaleplaneStudios/FinanceRun/Content/_FinanceRun/Blueprints/Room/fr_bp_chunkFloor.uasset" 247
"../../../Engine/Content/Animation/DefaultAnimCurveCompressionSettings.uasset" 248
"../../../Engine/Content/Functions/Engine_MaterialFunctions01/Opacity/CameraDepthFade.uasset" 249
"../../../Engine/Content/EngineMaterials/T_Default_Material_Grid_M.uasset" 250
"../../../Engine/Content/EngineMaterials/T_Default_Material_Grid_N.uasset" 251
"../../../Engine/Content/EngineMaterials/WorldGridMaterial.uasset" 252
"../../../Engine/Content/ArtTools/RenderToTexture/Meshes/S_1_Unit_Plane.uasset" 253
"../../../Engine/Content/EngineMaterials/DefaultMaterial.uasset" 254
"../../../Engine/Content/BasicShapes/Cone.uasset" 255
"../../../Engine/Content/BasicShapes/Cube.uasset" 256
"../../../Engine/Content/BasicShapes/Cylinder.uasset" 257
"../../../Engine/Content/BasicShapes/Plane.uasset" 258
"../../../Engine/Content/EditorLandscapeResources/DataLayer.uasset" 259
"../../../Engine/Content/EditorMaterials/MAT_Groups_Toggle.uasset" 260
"../../../Engine/Content/EditorMaterials/MAT_Groups_Visibility.uasset" 261
"../../../Engine/Content/EditorMaterials/PreviewShadowIndicator.uasset" 262
"../../../Engine/Content/EditorMaterials/PreviewShadowIndicatorMaterial.uasset" 263
"../../../Engine/Content/EditorMaterials/MatineeGroups/MAT_ColorTrack.uasset" 264
"../../../Engine/Content/EditorMaterials/MatineeGroups/MAT_Groups_Anim.uasset" 265
"../../../Engine/Content/EditorMaterials/MatineeGroups/MAT_Groups_AudioMaster.uasset" 266
"../../../Engine/Content/EditorMaterials/MatineeGroups/MAT_Groups_Director.uasset" 267
"../../../Engine/Content/EditorMaterials/MatineeGroups/MAT_Groups_Event.uasset" 268
"../../../Engine/Content/EditorMaterials/MatineeGroups/MAT_Groups_Fade.uasset" 269
"../../../Engine/Content/EditorMaterials/MatineeGroups/MAT_Groups_Float.uasset" 270
"../../../Engine/Content/EditorMaterials/MatineeGroups/MAT_Groups_Move.uasset" 271
"../../../Engine/Content/EditorMaterials/MatineeGroups/MAT_Groups_Slomo.uasset" 272
"../../../Engine/Content/EditorMaterials/MatineeGroups/MAT_Groups_Sound.uasset" 273
"../../../Engine/Content/EditorMaterials/MatineeGroups/MAT_Groups_Vector.uasset" 274
"../../../Engine/Content/EditorMaterials/ParticleSystems/PSysThumbnail_NoImage.uasset" 275
"../../../Engine/Content/EditorMaterials/ParticleSystems/PSysThumbnail_OOD.uasset" 276
"../../../Engine/Content/EditorMaterials/Camera/CineMat.uasset" 277
"../../../Engine/Content/EditorMaterials/Camera/MI_CineMat_Rig.uasset" 278
"../../../Engine/Content/EditorMeshes/Camera/SM_CraneRig_Arm.uasset" 279
"../../../Engine/Content/EditorMeshes/Camera/SM_CraneRig_Base.uasset" 280
"../../../Engine/Content/EditorMeshes/Camera/SM_CraneRig_Body.uasset" 281
"../../../Engine/Content/EditorMeshes/Camera/SM_CraneRig_Mount.uasset" 282
"../../../Engine/Content/EditorMeshes/Camera/SM_RailRig_Mount.uasset" 283
"../../../Engine/Content/EditorMeshes/Camera/SM_RailRig_Track.uasset" 284
"../../../Engine/Content/EditorResources/BSPVertex.uasset" 285
"../../../Engine/Content/EditorResources/EmptyActor.uasset" 286
"../../../Engine/Content/EditorResources/S_Actor.uasset" 287
"../../../Engine/Content/EditorResources/S_Note.uasset" 288
"../../../Engine/Content/EditorResources/S_Solver.uasset" 289
"../../../Engine/Content/EditorResources/S_Trigger.uasset" 290
"../../../Engine/Content/EditorResources/AudioIcons/S_AudioComponent.uasset" 291
"../../../Engine/Content/EditorResources/AudioIcons/S_AudioComponent_AutoActivate.uasset" 292
"../../../Engine/Content/EditorResources/LightIcons/S_LightError.uasset" 293
"../../../Engine/Content/EditorResources/SequenceRecorder/Countdown.uasset" 294
"../../../Engine/Content/EditorResources/SequenceRecorder/RecordingIndicator.uasset" 295
"../../../Engine/Content/EditorSounds/Notifications/CompileFailed.uasset" 296
"../../../Engine/Content/EditorSounds/Notifications/CompileFailed_Cue.uasset" 297
"../../../Engine/Content/EditorSounds/Notifications/CompileSuccess.uasset" 298
"../../../Engine/Content/EditorSounds/Notifications/CompileStart_Cue.uasset" 299
"../../../Engine/Content/EditorSounds/Notifications/CompileSuccess_Cue.uasset" 300
"../../../Engine/Content/EngineDamageTypes/DmgTypeBP_Environmental.uasset" 301
"../../../Engine/Content/EngineDebugMaterials/DebugEditorMaterial.uasset" 302
"../../../Engine/Content/EngineDebugMaterials/DebugMeshMaterial.uasset" 303
"../../../Engine/Content/EngineDebugMaterials/M_SimpleTranslucent.uasset" 304
"../../../Engine/Content/Functions/Engine_MaterialFunctions02/Utility/CameraDirectionVector.uasset" 305
"../../../Engine/Content/EngineDebugMaterials/VolumeToRender.uasset" 306
"../../../Engine/Content/EngineDebugMaterials/M_VolumeRenderSphereTracePP.uasset" 307
"../../../Engine/Content/EngineDebugMaterials/WireframeMaterial.uasset" 308
"../../../Engine/Content/EngineFonts/Faces/DroidSansFallback.uasset" 309
"../../../Engine/Content/EngineFonts/Faces/RobotoBold.uasset" 310
"../../../Engine/Content/EngineFonts/Faces/RobotoBoldItalic.uasset" 311
"../../../Engine/Content/EngineFonts/Faces/RobotoItalic.uasset" 312
"../../../Engine/Content/EngineFonts/Faces/RobotoLight.uasset" 313
"../../../Engine/Content/EngineFonts/Faces/RobotoRegular.uasset" 314
"../../../Engine/Content/EngineFonts/Roboto.uasset" 315
"../../../Engine/Content/EngineMaterials/BaseFlattenDiffuseMap.uasset" 316
"../../../Engine/Content/EngineMaterials/BaseFlattenEmissiveMap.uasset" 317
"../../../Engine/Content/EngineMaterials/BaseFlattenGrayscaleMap.uasset" 318
"../../../Engine/Content/EngineMaterials/BaseFlattenNormalMap.uasset" 319
"../../../Engine/Content/EngineMaterials/BaseFlattenMaterial.uasset" 320
"../../../Engine/Content/EngineMaterials/BlueNoise.uasset" 321
"../../../Engine/Content/EngineMaterials/DefaultBloomKernel.uasset" 322
"../../../Engine/Content/EngineMaterials/DefaultBokeh.uasset" 323
"../../../Engine/Content/EngineMaterials/DefaultDiffuse.uasset" 324
"../../../Engine/Content/EngineMaterials/DefaultDeferredDecalMaterial.uasset" 325
"../../../Engine/Content/EngineMaterials/DefaultLightFunctionMaterial.uasset" 326
"../../../Engine/Content/EngineMaterials/DefaultPhysicalMaterial.uasset" 327
"../../../Engine/Content/Functions/Engine_MaterialFunctions02/Utility/BreakOutFloat2Components.uasset" 328
"../../../Engine/Content/EngineMaterials/DefaultPostProcessMaterial.uasset" 329
"../../../Engine/Content/EngineFonts/RobotoDistanceField.uasset" 330
"../../../Engine/Content/EngineMaterials/DefaultTextMaterialOpaque.uasset" 331
"../../../Engine/Content/EngineMaterials/DefaultVirtualTextureMaterial.uasset" 332
"../../../Engine/Content/EngineMaterials/DefaultWhiteGrid.uasset" 333
"../../../Engine/Content/EngineMaterials/DefaultWhiteGrid_Low.uasset" 334
"../../../Engine/Content/EngineMaterials/EmissiveMeshMaterial.uasset" 335
"../../../Engine/Content/EngineMaterials/GizmoMaterial.uasset" 336
"../../../Engine/Content/EngineMaterials/Good64x64TilingNoiseHighFreq.uasset" 337
"../../../Engine/Content/EngineMaterials/HairDefaultMaterial.uasset" 338
"../../../Engine/Content/EngineMaterials/MiniFont.uasset" 339
"../../../Engine/Content/EngineMaterials/InvalidLightmapSettings.uasset" 340
"../../../Engine/Content/EngineMaterials/M_InvalidLightmapSettings.uasset" 341
"../../../Engine/Content/Functions/Engine_MaterialFunctions02/WorldPositionOffset/CameraOffset.uasset" 342
"../../../Engine/Content/EngineMaterials/PhAT_JointLimitMaterial.uasset" 343
"../../../Engine/Content/EngineMaterials/PreintegratedSkinBRDF.uasset" 344
"../../../Engine/Content/EngineMaterials/RemoveSurfaceMaterial.uasset" 345
"../../../Engine/Content/EngineMaterials/WeightMapPlaceholderTexture.uasset" 346
"../../../Engine/Content/EngineResources/WhiteSquareTexture.uasset" 347
"../../../Engine/Content/EngineMaterials/Widget3DPassThrough.uasset" 348
"../../../Engine/Content/EngineMaterials/Widget3DPassThrough_Masked.uasset" 349
"../../../Engine/Content/EngineMaterials/Widget3DPassThrough_Opaque.uasset" 350
"../../../Engine/Content/EngineMaterials/Widget3DPassThrough_Masked_OneSided.uasset" 351
"../../../Engine/Content/EngineMaterials/Widget3DPassThrough_Opaque_OneSided.uasset" 352
"../../../Engine/Content/EngineMaterials/Widget3DPassThrough_Translucent.uasset" 353
"../../../Engine/Content/EngineMaterials/Widget3DPassThrough_Translucent_OneSided.uasset" 354
"../../../Engine/Content/EngineMeshes/Cylinder.uasset" 355
"../../../Engine/Content/EngineMeshes/Sphere.uasset" 356
"../../../Engine/Content/EngineResources/Black.uasset" 357
"../../../Engine/Content/EngineResources/DefaultTexture.uasset" 358
"../../../Engine/Content/EngineResources/DefaultTextureCube.uasset" 359
"../../../Engine/Content/EngineResources/DefaultVolumeTexture2D.uasset" 360
"../../../Engine/Content/EngineResources/DefaultVolumeTexture.uasset" 361
"../../../Engine/Content/EngineResources/GradientTexture0.uasset" 362
"../../../Engine/Content/EngineSounds/Master.uasset" 363
"../../../Engine/Content/Functions/Engine_MaterialFunctions01/Shading/ConvertFromDiffSpec.uasset" 364
"../../../Engine/Content/Functions/Engine_MaterialFunctions01/Shading/PowerToRoughness.uasset" 365
"../../../Engine/Content/Maps/Templates/Thumbnails/Default.uasset" 366
"../../../Engine/Content/Maps/Templates/Thumbnails/TimeOfDay.uasset" 367
"../../../Engine/Content/Maps/Templates/Thumbnails/VR-Basic.uasset" 368
"../../../Engine/Content/MobileResources/T_MobileControls_texture.uasset" 369
"../../../Engine/Content/MobileResources/T_MobileMenu2.uasset" 370
"../../../Engine/Content/MobileResources/HUD/AnalogHat.uasset" 371
"../../../Engine/Content/MobileResources/HUD/VirtualJoystick_Background.uasset" 372
"../../../Engine/Content/MobileResources/HUD/VirtualJoystick_Thumb.uasset" 373
"../../../Engine/Content/MobileResources/HUD/DefaultVirtualJoysticks.uasset" 374
"../../../Engine/Content/MobileResources/HUD/LeftVirtualJoystickOnly.uasset" 375
"../../../Engine/Content/MobileResources/HUD/MobileHUDButton1_off.uasset" 376
"../../../Engine/Content/MobileResources/HUD/MobileHUDButton1_on.uasset" 377
"../../../Engine/Content/MobileResources/HUD/MobileHUDButton2_off.uasset" 378
"../../../Engine/Content/MobileResources/HUD/MobileHUDButton2_on.uasset" 379
"../../../Engine/Content/MobileResources/HUD/MobileHUDButton3.uasset" 380
"../../../Engine/Content/MobileResources/HUD/MobileHUDButtonFire.uasset" 381
"../../../Engine/Content/MobileResources/HUD/MobileHUDDirectionPad.uasset" 382
"../../../Engine/Content/MobileResources/HUD/MobileHUDDirectionPad2.uasset" 383
"../../../Engine/Content/MobileResources/HUD/MobileHUDDirectionPad3.uasset" 384
"../../../Engine/Content/MobileResources/HUD/MobileHUDDirectionStick.uasset" 385
"../../../Engine/Content/MobileResources/HUD/T_Castle_ThumbstickInner.uasset" 386
"../../../Engine/Content/MobileResources/HUD/T_Castle_ThumbstickOutter.uasset" 387
"../../../Engine/Content/Tutorial/ContentIntroCurve.uasset" 388
"../../../Engine/Content/Tutorial/Basics/LevelEditorAttract.uasset" 389
"../../../Engine/Content/Tutorial/Basics/TutorialAssets/icon_tab_Levels_40x.uasset" 390
"../../../Engine/Content/Tutorial/Basics/LevelEditorOverview.uasset" 391
"../../../Engine/Content/VREditor/LaserPointer/VR_LaserPower_01.uasset" 392
"../../../Engine/Content/VREditor/TransformGizmo/TransformGizmoMaterial.uasset" 393
"../../../Engine/Content/VREditor/TransformGizmo/TranslucentTransformGizmoMaterial.uasset" 394
"../../../Engine/Content/VREditor/TransformGizmo/BoundingBoxCorner.uasset" 395
"../../../Engine/Content/VREditor/TransformGizmo/BoundingBoxEdge.uasset" 396
"../../../Engine/Content/VREditor/TransformGizmo/PlaneTranslationHandle.uasset" 397
"../../../Engine/Content/VREditor/TransformGizmo/Main.uasset" 398
"../../../Engine/Content/VREditor/TransformGizmo/Xray.uasset" 399
"../../../Engine/Content/VREditor/TransformGizmo/SM_Sequencer_Key.uasset" 400
"../../../Engine/Content/VREditor/TransformGizmo/SM_Sequencer_Node.uasset" 401
"../../Plugins/2D/Paper2D/Content/PlaceholderTextures/DummySpriteTexture.uasset" 402
"../../Plugins/2D/Paper2D/Content/DummySprite.uasset" 403
"../../Plugins/2D/Paper2D/Content/DefaultPaperTerrainMaterial.uasset" 404
"../../Plugins/2D/Paper2D/Content/DummySpriteTexture.uasset" 405
"../../Plugins/2D/Paper2D/Content/DefaultSpriteMaterial.uasset" 406
"../../Plugins/2D/Paper2D/Content/MaskedUnlitSpriteMaterial.uasset" 407
"../../Plugins/2D/Paper2D/Content/OpaqueUnlitSpriteMaterial.uasset" 408
"../../Plugins/FX/Niagara/Content/Enums/ENiagaraBooleanLogicOps.uasset" 409
"../../Plugins/FX/Niagara/Content/Enums/ENiagaraOrientationAxis.uasset" 410
"../../../Engine/Content/Functions/Engine_MaterialFunctions02/Utility/BreakOutFloat4Components.uasset" 411
"../../../Engine/Content/Functions/Engine_MaterialFunctions02/Utility/MakeFloat2.uasset" 412
"../../../Engine/Content/Functions/Engine_MaterialFunctions02/Utility/MakeFloat3.uasset" 413
"../../Plugins/Runtime/Oculus/OculusVR/Content/Materials/OculusMR_ChromaKey.uasset" 414
"../../Plugins/Runtime/Oculus/OculusVR/Content/Materials/OculusMR_ChromaKey_Lit.uasset" 415
"../../Plugins/Runtime/Oculus/OculusVR/Content/Materials/OculusMR_OpaqueColoredMaterial.uasset" 416
"../../Plugins/Runtime/Oculus/OculusVR/Content/Materials/OculusMR_WhiteMaterial.uasset" 417
"../../../Engine/Content/EngineSky/C_Sky_Cloud_Color.uasset" 418
"../../../Engine/Content/EngineSky/C_Sky_Horizon_Color.uasset" 419
"../../../Engine/Content/EngineSky/C_Sky_Zenith_Color.uasset" 420
"../../../Engine/Content/EngineSky/T_Sky_Blue.uasset" 421
"../../../Engine/Content/EngineSky/T_Sky_Clouds_M.uasset" 422
"../../../Engine/Content/EngineSky/T_Sky_Stars.uasset" 423
"../../../Engine/Content/EngineSky/M_Sky_Panning_Clouds2.uasset" 424
"../../../Engine/Content/EngineSky/SM_SkySphere.uasset" 425
"../../../Engine/Content/EngineSky/BP_Sky_Sphere.uasset" 426
"../../../Engine/Content/MapTemplates/SM_Template_Map_Floor.uasset" 427
"../../../../../../WhaleplaneStudios/FinanceRun/Content/EasySave/emptyMap.umap" 428
"../../../../../../WhaleplaneStudios/FinanceRun/Content/EasySave/testLevel.umap" 429
"../../../../../../WhaleplaneStudios/FinanceRun/Content/StarterContent/Blueprints/Assets/FogBrightnessLUT.uasset" 430
"../../../../../../WhaleplaneStudios/FinanceRun/Content/StarterContent/Blueprints/Assets/SunlightColorLUT.uasset" 431
"../../../../../../WhaleplaneStudios/FinanceRun/Content/StarterContent/Blueprints/Assets/M_LightStage_Arrows.uasset" 432
"../../../Engine/Content/MapTemplates/Sky/DaylightAmbientCubemap.uasset" 433
"../../../../../../WhaleplaneStudios/FinanceRun/Content/StarterContent/Blueprints/Assets/M_LightStage_Skybox_Master.uasset" 434
"../../../../../../WhaleplaneStudios/FinanceRun/Content/StarterContent/Blueprints/Assets/M_LightStage_Skybox_Black.uasset" 435
"../../../../../../WhaleplaneStudios/FinanceRun/Content/StarterContent/Blueprints/Assets/M_LightStage_Skybox_HDRI.uasset" 436
"../../../Engine/Content/EditorMaterials/Thumbnails/SkySphereMaterial.uasset" 437
"../../../../../../WhaleplaneStudios/FinanceRun/Content/StarterContent/Blueprints/Assets/Skybox.uasset" 438
"../../../../../../WhaleplaneStudios/FinanceRun/Content/StarterContent/Blueprints/Assets/SM_Arrows.uasset" 439
"../../../../../../WhaleplaneStudios/FinanceRun/Content/StarterContent/HDRI/HDRI_Epic_Courtyard_Daylight.uasset" 440
"../../../../../../WhaleplaneStudios/FinanceRun/Content/StarterContent/Blueprints/BP_LightStudio.uasset" 441
"../../../../../../WhaleplaneStudios/FinanceRun/Content/StarterContent/Maps/Advanced_Lighting_BuiltData.uasset" 442
"../../../../../../WhaleplaneStudios/FinanceRun/Content/StarterContent/Materials/M_AssetPlatform.uasset" 443
"../../../Engine/Content/EditorMeshes/ColorCalibrator/M_ChromeBall.uasset" 444
"../../../Engine/Content/EditorMeshes/ColorCalibrator/M_ClearCoat.uasset" 445
"../../../Engine/Content/EditorMeshes/ColorCalibrator/M_ClearCoatBlack.uasset" 446
"../../../Engine/Content/EditorMeshes/ColorCalibrator/Color_checker.uasset" 447
"../../../Engine/Content/EditorMeshes/ColorCalibrator/M_ColorGrid.uasset" 448
"../../../Engine/Content/EditorMeshes/ColorCalibrator/M_GreyBall.uasset" 449
"../../../Engine/Content/EditorMeshes/ColorCalibrator/SM_ColorCalibrator.uasset" 450
"../../../../../../WhaleplaneStudios/FinanceRun/Content/StarterContent/Architecture/SM_AssetPlatform.uasset" 451
"../../../../../../WhaleplaneStudios/FinanceRun/Content/StarterContent/Maps/Advanced_Lighting.umap" 452
"../../../../../../WhaleplaneStudios/FinanceRun/Content/StarterContent/Maps/Minimal_Default_BuiltData.uasset" 453
"../../../../../../WhaleplaneStudios/FinanceRun/Content/StarterContent/Textures/T_MacroVariation.uasset" 454
"../../../../../../WhaleplaneStudios/FinanceRun/Content/StarterContent/Materials/M_Metal_Brushed_Nickel.uasset" 455
"../../../../../../WhaleplaneStudios/FinanceRun/Content/StarterContent/Textures/T_Metal_Aluminum_D.uasset" 456
"../../../../../../WhaleplaneStudios/FinanceRun/Content/StarterContent/Textures/T_Metal_Gold_N.uasset" 457
"../../../../../../WhaleplaneStudios/FinanceRun/Content/StarterContent/Materials/M_Metal_Burnished_Steel.uasset" 458
"../../../../../../WhaleplaneStudios/FinanceRun/Content/StarterContent/Textures/T_Metal_Copper_D.uasset" 459
"../../../../../../WhaleplaneStudios/FinanceRun/Content/StarterContent/Materials/M_Metal_Copper.uasset" 460
"../../../../../../WhaleplaneStudios/FinanceRun/Content/StarterContent/Textures/T_Statue_M.uasset" 461
"../../../../../../WhaleplaneStudios/FinanceRun/Content/StarterContent/Textures/T_Statue_N.uasset" 462
"../../../../../../WhaleplaneStudios/FinanceRun/Content/StarterContent/Props/Materials/M_StatueGlass.uasset" 463
"../../../../../../WhaleplaneStudios/FinanceRun/Content/StarterContent/Architecture/Floor_400x400.uasset" 464
"../../../../../../WhaleplaneStudios/FinanceRun/Content/StarterContent/Audio/Starter_Background_Cue.uasset" 465
"../../../../../../WhaleplaneStudios/FinanceRun/Content/StarterContent/Props/SM_Chair.uasset" 466
"../../../../../../WhaleplaneStudios/FinanceRun/Content/StarterContent/Props/Materials/M_Statue.uasset" 467
"../../../../../../WhaleplaneStudios/FinanceRun/Content/StarterContent/Props/SM_Statue.uasset" 468
"../../../../../../WhaleplaneStudios/FinanceRun/Content/StarterContent/Textures/T_TableRound_M.uasset" 469
"../../../../../../WhaleplaneStudios/FinanceRun/Content/StarterContent/Textures/T_TableRound_N.uasset" 470
"../../../../../../WhaleplaneStudios/FinanceRun/Content/StarterContent/Props/Materials/M_TableRound.uasset" 471
"../../../../../../WhaleplaneStudios/FinanceRun/Content/StarterContent/Props/SM_TableRound.uasset" 472
"../../../../../../WhaleplaneStudios/FinanceRun/Content/StarterContent/Maps/Minimal_Default.umap" 473
"../../../../../../WhaleplaneStudios/FinanceRun/Content/StarterContent/Audio/Fire01_Cue.uasset" 474
"../../../../../../WhaleplaneStudios/FinanceRun/Content/StarterContent/Textures/T_Fire_SubUV.uasset" 475
"../../../../../../WhaleplaneStudios/FinanceRun/Content/StarterContent/Textures/T_Fire_Tiled_D.uasset" 476
"../../../../../../WhaleplaneStudios/FinanceRun/Content/StarterContent/Particles/Materials/M_Fire_SubUV.uasset" 477
"../../../../../../WhaleplaneStudios/FinanceRun/Content/StarterContent/Textures/T_Water_N.uasset" 478
"../../../../../../WhaleplaneStudios/FinanceRun/Content/StarterContent/Particles/Materials/M_Heat_Distortion.uasset" 479
"../../../../../../WhaleplaneStudios/FinanceRun/Content/StarterContent/Particles/Materials/M_Radial_Gradient.uasset" 480
"../../../../../../WhaleplaneStudios/FinanceRun/Content/StarterContent/Particles/P_Fire.uasset" 481
"../../../../../../WhaleplaneStudios/FinanceRun/Content/StarterContent/Blueprints/Blueprint_Effect_Fire.uasset" 482
"../../../../../../WhaleplaneStudios/FinanceRun/Content/StarterContent/Audio/Smoke01_Cue.uasset" 483
"../../../../../../WhaleplaneStudios/FinanceRun/Content/StarterContent/Particles/P_Smoke.uasset" 484
"../../../../../../WhaleplaneStudios/FinanceRun/Content/StarterContent/Blueprints/Blueprint_Effect_Smoke.uasset" 485
"../../../../../../WhaleplaneStudios/FinanceRun/Content/StarterContent/Audio/Fire_Sparks01_Cue.uasset" 486
"../../../../../../WhaleplaneStudios/FinanceRun/Content/StarterContent/Textures/T_Spark_Core.uasset" 487
"../../../../../../WhaleplaneStudios/FinanceRun/Content/StarterContent/Particles/Materials/M_Spark.uasset" 488
"../../../../../../WhaleplaneStudios/FinanceRun/Content/StarterContent/Particles/P_Sparks.uasset" 489
"../../../../../../WhaleplaneStudios/FinanceRun/Content/StarterContent/Blueprints/Blueprint_Effect_Sparks.uasset" 490
"../../../../../../WhaleplaneStudios/FinanceRun/Content/StarterContent/Audio/Steam01_Cue.uasset" 491
"../../../../../../WhaleplaneStudios/FinanceRun/Content/StarterContent/Particles/P_Steam_Lit.uasset" 492
"../../../../../../WhaleplaneStudios/FinanceRun/Content/StarterContent/Blueprints/Blueprint_Effect_Steam.uasset" 493
"../../../../../../WhaleplaneStudios/FinanceRun/Content/StarterContent/Textures/T_Lamp_M.uasset" 494
"../../../../../../WhaleplaneStudios/FinanceRun/Content/StarterContent/Textures/T_Lamp_N.uasset" 495
"../../../../../../WhaleplaneStudios/FinanceRun/Content/StarterContent/Props/Materials/M_Lamp.uasset" 496
"../../../../../../WhaleplaneStudios/FinanceRun/Content/StarterContent/Props/SM_Lamp_Ceiling.uasset" 497
"../../../../../../WhaleplaneStudios/FinanceRun/Content/StarterContent/Blueprints/Blueprint_CeilingLight.uasset" 498
"../../../../../../WhaleplaneStudios/FinanceRun/Content/StarterContent/Props/SM_Lamp_Wall.uasset" 499
"../../../../../../WhaleplaneStudios/FinanceRun/Content/StarterContent/Blueprints/Blueprint_WallSconce.uasset" 500
"../../../../../../WhaleplaneStudios/FinanceRun/Content/StarterContent/Maps/StarterMap_BuiltData.uasset" 501
"../../../Engine/Content/Functions/Engine_MaterialFunctions03/Procedurals/ComputeFilterWidth.uasset" 502
"../../../Engine/Content/EngineMaterials/AntiAliasedTextMaterialTranslucent.uasset" 503
"../../../../../../WhaleplaneStudios/FinanceRun/Content/StarterContent/Textures/T_Brick_Clay_Beveled_D.uasset" 504
"../../../../../../WhaleplaneStudios/FinanceRun/Content/StarterContent/Textures/T_Brick_Clay_Beveled_M.uasset" 505
"../../../../../../WhaleplaneStudios/FinanceRun/Content/StarterContent/Textures/T_Brick_Clay_Beveled_N.uasset" 506
"../../../../../../WhaleplaneStudios/FinanceRun/Content/StarterContent/Materials/M_Brick_Clay_Beveled.uasset" 507
"../../../../../../WhaleplaneStudios/FinanceRun/Content/StarterContent/Textures/T_Brick_Clay_New_D.uasset" 508
"../../../../../../WhaleplaneStudios/FinanceRun/Content/StarterContent/Textures/T_Brick_Clay_New_M.uasset" 509
"../../../../../../WhaleplaneStudios/FinanceRun/Content/StarterContent/Textures/T_Brick_Clay_New_N.uasset" 510
"../../../../../../WhaleplaneStudios/FinanceRun/Content/StarterContent/Materials/M_Brick_Clay_New.uasset" 511
"../../../../../../WhaleplaneStudios/FinanceRun/Content/StarterContent/Textures/T_Brick_Clay_Old_D.uasset" 512
"../../../../../../WhaleplaneStudios/FinanceRun/Content/StarterContent/Textures/T_Brick_Clay_Old_N.uasset" 513
"../../../../../../WhaleplaneStudios/FinanceRun/Content/StarterContent/Textures/T_Perlin_Noise_M.uasset" 514
"../../../../../../WhaleplaneStudios/FinanceRun/Content/StarterContent/Materials/M_Brick_Clay_Old.uasset" 515
"../../../../../../WhaleplaneStudios/FinanceRun/Content/StarterContent/Textures/T_Brick_Cut_Stone_D.uasset" 516
"../../../../../../WhaleplaneStudios/FinanceRun/Content/StarterContent/Textures/T_Brick_Cut_Stone_N.uasset" 517
"../../../../../../WhaleplaneStudios/FinanceRun/Content/StarterContent/Materials/M_Brick_Cut_Stone.uasset" 518
"../../../../../../WhaleplaneStudios/FinanceRun/Content/StarterContent/Textures/T_Brick_Hewn_Stone_D.uasset" 519
"../../../../../../WhaleplaneStudios/FinanceRun/Content/StarterContent/Textures/T_Brick_Hewn_Stone_M.uasset" 520
"../../../../../../WhaleplaneStudios/FinanceRun/Content/StarterContent/Textures/T_Brick_Hewn_Stone_N.uasset" 521
"../../../../../../WhaleplaneStudios/FinanceRun/Content/StarterContent/Materials/M_Brick_Hewn_Stone.uasset" 522
"../../../../../../WhaleplaneStudios/FinanceRun/Content/StarterContent/Textures/T_Ceramic_Tile_M.uasset" 523
"../../../../../../WhaleplaneStudios/FinanceRun/Content/StarterContent/Textures/T_Ceramic_Tile_N.uasset" 524
"../../../../../../WhaleplaneStudios/FinanceRun/Content/StarterContent/Textures/T_Rock_Marble_Polished_D.uasset" 525
"../../../../../../WhaleplaneStudios/FinanceRun/Content/StarterContent/Materials/M_Ceramic_Tile_Checker.uasset" 526
"../../../../../../WhaleplaneStudios/FinanceRun/Content/StarterContent/Textures/T_CobbleStone_Pebble_D.uasset" 527
"../../../../../../WhaleplaneStudios/FinanceRun/Content/StarterContent/Textures/T_CobbleStone_Pebble_M.uasset" 528
"../../../../../../WhaleplaneStudios/FinanceRun/Content/StarterContent/Textures/T_CobbleStone_Pebble_N.uasset" 529
"../../../../../../WhaleplaneStudios/FinanceRun/Content/StarterContent/Materials/M_CobbleStone_Pebble.uasset" 530
"../../../../../../WhaleplaneStudios/FinanceRun/Content/StarterContent/Textures/T_CobbleStone_Rough_D.uasset" 531
"../../../../../../WhaleplaneStudios/FinanceRun/Content/StarterContent/Textures/T_CobbleStone_Rough_N.uasset" 532
"../../../../../../WhaleplaneStudios/FinanceRun/Content/StarterContent/Textures/T_Gradinet_01.uasset" 533
"../../../../../../WhaleplaneStudios/FinanceRun/Content/StarterContent/Textures/T_Rock_Smooth_Granite_D.uasset" 534
"../../../../../../WhaleplaneStudios/FinanceRun/Content/StarterContent/Materials/M_CobbleStone_Rough.uasset" 535
"../../../../../../WhaleplaneStudios/FinanceRun/Content/StarterContent/Textures/T_CobbleStone_Smooth_D.uasset" 536
"../../../../../../WhaleplaneStudios/FinanceRun/Content/StarterContent/Textures/T_CobbleStone_Smooth_M.uasset" 537
"../../../../../../WhaleplaneStudios/FinanceRun/Content/StarterContent/Textures/T_CobbleStone_Smooth_N.uasset" 538
"../../../../../../WhaleplaneStudios/FinanceRun/Content/StarterContent/Materials/M_CobbleStone_Smooth.uasset" 539
"../../../../../../WhaleplaneStudios/FinanceRun/Content/StarterContent/Textures/T_Concrete_Grime_D.uasset" 540
"../../../../../../WhaleplaneStudios/FinanceRun/Content/StarterContent/Textures/T_Metal_Rust_N.uasset" 541
"../../../../../../WhaleplaneStudios/FinanceRun/Content/StarterContent/Materials/M_Concrete_Grime.uasset" 542
"../../../../../../WhaleplaneStudios/FinanceRun/Content/StarterContent/Textures/T_Concrete_Panels_D.uasset" 543
"../../../../../../WhaleplaneStudios/FinanceRun/Content/StarterContent/Textures/T_Concrete_Panels_N.uasset" 544
"../../../../../../WhaleplaneStudios/FinanceRun/Content/StarterContent/Materials/M_Concrete_Panels.uasset" 545
"../../../../../../WhaleplaneStudios/FinanceRun/Content/StarterContent/Textures/T_Concrete_Poured_D.uasset" 546
"../../../../../../WhaleplaneStudios/FinanceRun/Content/StarterContent/Textures/T_Concrete_Poured_N.uasset" 547
"../../../../../../WhaleplaneStudios/FinanceRun/Content/StarterContent/Materials/M_Concrete_Poured.uasset" 548
"../../../../../../WhaleplaneStudios/FinanceRun/Content/StarterContent/Textures/T_Concrete_Tiles_D.uasset" 549
"../../../../../../WhaleplaneStudios/FinanceRun/Content/StarterContent/Textures/T_Concrete_Tiles_M.uasset" 550
"../../../../../../WhaleplaneStudios/FinanceRun/Content/StarterContent/Textures/T_Concrete_Tiles_N.uasset" 551
"../../../../../../WhaleplaneStudios/FinanceRun/Content/StarterContent/Textures/T_Concrete_Tiles_Variation_M.uasset" 552
"../../../../../../WhaleplaneStudios/FinanceRun/Content/StarterContent/Materials/M_Concrete_Tiles.uasset" 553
"../../../../../../WhaleplaneStudios/FinanceRun/Content/StarterContent/Textures/T_Ground_Grass_D.uasset" 554
"../../../../../../WhaleplaneStudios/FinanceRun/Content/StarterContent/Textures/T_Ground_Grass_N.uasset" 555
"../../../../../../WhaleplaneStudios/FinanceRun/Content/StarterContent/Materials/M_Ground_Grass.uasset" 556
"../../../../../../WhaleplaneStudios/FinanceRun/Content/StarterContent/Textures/T_Ground_Gravel_D.uasset" 557
"../../../../../../WhaleplaneStudios/FinanceRun/Content/StarterContent/Textures/T_Ground_Gravel_N.uasset" 558
"../../../../../../WhaleplaneStudios/FinanceRun/Content/StarterContent/Materials/M_Ground_Gravel.uasset" 559
"../../../../../../WhaleplaneStudios/FinanceRun/Content/StarterContent/Textures/T_ground_Moss_D.uasset" 560
"../../../../../../WhaleplaneStudios/FinanceRun/Content/StarterContent/Textures/T_Ground_Moss_N.uasset" 561
"../../../../../../WhaleplaneStudios/FinanceRun/Content/StarterContent/Materials/M_Ground_Moss.uasset" 562
"../../../../../../WhaleplaneStudios/FinanceRun/Content/StarterContent/Materials/M_Metal_Chrome.uasset" 563
"../../../../../../WhaleplaneStudios/FinanceRun/Content/StarterContent/Textures/T_Metal_Gold_D.uasset" 564
"../../../../../../WhaleplaneStudios/FinanceRun/Content/StarterContent/Materials/M_Metal_Gold.uasset" 565
"../../../../../../WhaleplaneStudios/FinanceRun/Content/StarterContent/Textures/T_Metal_Rust_D.uasset" 566
"../../../../../../WhaleplaneStudios/FinanceRun/Content/StarterContent/Materials/M_Metal_Rust.uasset" 567
"../../../../../../WhaleplaneStudios/FinanceRun/Content/StarterContent/Textures/T_Metal_Steel_D.uasset" 568
"../../../../../../WhaleplaneStudios/FinanceRun/Content/StarterContent/Textures/T_Metal_Steel_N.uasset" 569
"../../../../../../WhaleplaneStudios/FinanceRun/Content/StarterContent/Materials/M_Metal_Steel.uasset" 570
"../../../../../../WhaleplaneStudios/FinanceRun/Content/StarterContent/Textures/T_Rock_Basalt_N.uasset" 571
"../../../../../../WhaleplaneStudios/FinanceRun/Content/StarterContent/Materials/M_Rock_Basalt.uasset" 572
"../../../../../../WhaleplaneStudios/FinanceRun/Content/StarterContent/Materials/M_Rock_Marble_Polished.uasset" 573
"../../../../../../WhaleplaneStudios/FinanceRun/Content/StarterContent/Textures/T_Rock_Sandstone_D.uasset" 574
"../../../../../../WhaleplaneStudios/FinanceRun/Content/StarterContent/Textures/T_Rock_Sandstone_N.uasset" 575
"../../../../../../WhaleplaneStudios/FinanceRun/Content/StarterContent/Materials/M_Rock_Sandstone.uasset" 576
"../../../../../../WhaleplaneStudios/FinanceRun/Content/StarterContent/Textures/T_Rock_Slate_D.uasset" 577
"../../../../../../WhaleplaneStudios/FinanceRun/Content/StarterContent/Textures/T_Rock_Slate_N.uasset" 578
"../../../../../../WhaleplaneStudios/FinanceRun/Content/StarterContent/Materials/M_Rock_Slate.uasset" 579
"../../../../../../WhaleplaneStudios/FinanceRun/Content/StarterContent/Textures/T_Checker_Noise_M.uasset" 580
"../../../../../../WhaleplaneStudios/FinanceRun/Content/StarterContent/Textures/T_Single_Tile_N.uasset" 581
"../../../../../../WhaleplaneStudios/FinanceRun/Content/StarterContent/Textures/T_Tech_Dot_M.uasset" 582
"../../../../../../WhaleplaneStudios/FinanceRun/Content/StarterContent/Textures/T_Tech_Dot_N.uasset" 583
"../../../../../../WhaleplaneStudios/FinanceRun/Content/StarterContent/Materials/M_Tech_Checker_Dot.uasset" 584
"../../../../../../WhaleplaneStudios/FinanceRun/Content/StarterContent/Textures/T_Tech_Hex_Tile_M.uasset" 585
"../../../../../../WhaleplaneStudios/FinanceRun/Content/StarterContent/Textures/T_Tech_Hex_Tile_N.uasset" 586
"../../../../../../WhaleplaneStudios/FinanceRun/Content/StarterContent/Materials/M_Tech_Hex_Tile.uasset" 587
"../../../../../../WhaleplaneStudios/FinanceRun/Content/StarterContent/Materials/M_Tech_Hex_Tile_Pulse.uasset" 588
"../../../../../../WhaleplaneStudios/FinanceRun/Content/StarterContent/Textures/T_Tech_Panel_M.uasset" 589
"../../../../../../WhaleplaneStudios/FinanceRun/Content/StarterContent/Textures/T_Tech_Panel_N.uasset" 590
"../../../../../../WhaleplaneStudios/FinanceRun/Content/StarterContent/Materials/M_Tech_Panel.uasset" 591
"../../../../../../WhaleplaneStudios/FinanceRun/Content/StarterContent/Materials/M_Water_Lake.uasset" 592
"../../../../../../WhaleplaneStudios/FinanceRun/Content/StarterContent/Textures/T_Water_M.uasset" 593
"../../../../../../WhaleplaneStudios/FinanceRun/Content/StarterContent/Materials/M_Water_Ocean.uasset" 594
"../../../../../../WhaleplaneStudios/FinanceRun/Content/StarterContent/Textures/T_Wood_Floor_Walnut_D.uasset" 595
"../../../../../../WhaleplaneStudios/FinanceRun/Content/StarterContent/Textures/T_Wood_Floor_Walnut_M.uasset" 596
"../../../../../../WhaleplaneStudios/FinanceRun/Content/StarterContent/Textures/T_Wood_Floor_Walnut_N.uasset" 597
"../../../../../../WhaleplaneStudios/FinanceRun/Content/StarterContent/Materials/M_Wood_Floor_Walnut_Polished.uasset" 598
"../../../Engine/Content/Functions/Engine_MaterialFunctions01/Opacity/AlphaOffset.uasset" 599
"../../../../../../WhaleplaneStudios/FinanceRun/Content/StarterContent/Materials/M_Wood_Floor_Walnut_Worn.uasset" 600
"../../../../../../WhaleplaneStudios/FinanceRun/Content/StarterContent/Textures/T_Wood_Oak_D.uasset" 601
"../../../../../../WhaleplaneStudios/FinanceRun/Content/StarterContent/Textures/T_Wood_Oak_N.uasset" 602
"../../../../../../WhaleplaneStudios/FinanceRun/Content/StarterContent/Materials/M_Wood_Oak.uasset" 603
"../../../../../../WhaleplaneStudios/FinanceRun/Content/StarterContent/Textures/T_Wood_Pine_D.uasset" 604
"../../../../../../WhaleplaneStudios/FinanceRun/Content/StarterContent/Textures/T_Wood_Pine_N.uasset" 605
"../../../../../../WhaleplaneStudios/FinanceRun/Content/StarterContent/Materials/M_Wood_Pine.uasset" 606
"../../../../../../WhaleplaneStudios/FinanceRun/Content/StarterContent/Textures/T_Wood_Walnut_D.uasset" 607
"../../../../../../WhaleplaneStudios/FinanceRun/Content/StarterContent/Textures/T_Wood_Walnut_N.uasset" 608
"../../../../../../WhaleplaneStudios/FinanceRun/Content/StarterContent/Materials/M_Wood_Walnut.uasset" 609
"../../../../../../WhaleplaneStudios/FinanceRun/Content/StarterContent/Architecture/Wall_400x200.uasset" 610
"../../../../../../WhaleplaneStudios/FinanceRun/Content/StarterContent/Architecture/Wall_Door_400x300.uasset" 611
"../../../../../../WhaleplaneStudios/FinanceRun/Content/StarterContent/Architecture/Wall_Window_400x300.uasset" 612
"../../../../../../WhaleplaneStudios/FinanceRun/Content/StarterContent/Audio/Collapse_Cue.uasset" 613
"../../../../../../WhaleplaneStudios/FinanceRun/Content/StarterContent/Audio/Starter_Music_Cue.uasset" 614
"../../../../../../WhaleplaneStudios/FinanceRun/Content/StarterContent/Textures/T_Dust_Particle_D.uasset" 615
"../../../../../../WhaleplaneStudios/FinanceRun/Content/StarterContent/Particles/Materials/M_Dust_Particle.uasset" 616
"../../../../../../WhaleplaneStudios/FinanceRun/Content/StarterContent/Particles/P_Ambient_Dust.uasset" 617
"../../../../../../WhaleplaneStudios/FinanceRun/Content/StarterContent/Props/MaterialSphere.uasset" 618
"../../../../../../WhaleplaneStudios/FinanceRun/Content/StarterContent/Textures/T_Frame_M.uasset" 619
"../../../../../../WhaleplaneStudios/FinanceRun/Content/StarterContent/Textures/T_Frame_N.uasset" 620
"../../../../../../WhaleplaneStudios/FinanceRun/Content/StarterContent/Props/Materials/M_Frame.uasset" 621
"../../../../../../WhaleplaneStudios/FinanceRun/Content/StarterContent/Props/SM_CornerFrame.uasset" 622
"../../../../../../WhaleplaneStudios/FinanceRun/Content/StarterContent/Props/SM_DoorFrame.uasset" 623
"../../../../../../WhaleplaneStudios/FinanceRun/Content/StarterContent/Props/SM_GlassWindow.uasset" 624
"../../../../../../WhaleplaneStudios/FinanceRun/Content/StarterContent/Props/SM_PillarFrame.uasset" 625
"../../../../../../WhaleplaneStudios/FinanceRun/Content/StarterContent/Props/SM_PillarFrame300.uasset" 626
"../../../../../../WhaleplaneStudios/FinanceRun/Content/StarterContent/Props/SM_WindowFrame.uasset" 627
"../../../../../../WhaleplaneStudios/FinanceRun/Content/StarterContent/Shapes/Shape_Cube.uasset" 628
"../../../../../../WhaleplaneStudios/FinanceRun/Content/StarterContent/Shapes/Shape_QuadPyramid.uasset" 629
"../../../../../../WhaleplaneStudios/FinanceRun/Content/StarterContent/Shapes/Shape_Sphere.uasset" 630
"../../../../../../WhaleplaneStudios/FinanceRun/Content/StarterContent/Maps/StarterMap.umap" 631
"../../../../../../WhaleplaneStudios/FinanceRun/Content/TopDownBP/Blueprints/M_Cursor_Decal.uasset" 632
"../../../../../../WhaleplaneStudios/FinanceRun/Content/TopDownBP/Blueprints/TopDownCharacter.uasset" 633
"../../../../../../WhaleplaneStudios/FinanceRun/Content/TopDownBP/Blueprints/TopDownController.uasset" 634
"../../../../../../WhaleplaneStudios/FinanceRun/Content/TopDownBP/Blueprints/TopDownGameMode.uasset" 635
"../../../../../../WhaleplaneStudios/FinanceRun/Content/TopDownBP/Maps/TopDownExampleMap_BuiltData.uasset" 636
"../../../../../../WhaleplaneStudios/FinanceRun/Content/Geometry/Meshes/1M_Cube_Chamfer.uasset" 637
"../../../../../../WhaleplaneStudios/FinanceRun/Content/TopDownBP/Maps/TopDownExampleMap.umap" 638
"../../../../../../WhaleplaneStudios/FinanceRun/Content/_FinanceRun/Audio/fr_s_musicMenu.uasset" 639
"../../../../../../WhaleplaneStudios/FinanceRun/Content/_FinanceRun/Audio/fr_cue_musicMenu.uasset" 640
"../../../../../../WhaleplaneStudios/FinanceRun/Content/_FinanceRun/Blueprints/Character/fr_bp_menuCharacter.uasset" 641
"../../../../../../WhaleplaneStudios/FinanceRun/Content/_FinanceRun/Blueprints/Character/fr_bp_gamemodeMenu.uasset" 642
"../../../../../../WhaleplaneStudios/FinanceRun/Content/_FinanceRun/Materials/fr_mat_wall.uasset" 643
"../../../../../../WhaleplaneStudios/FinanceRun/Content/_FinanceRun/Meshes/fr_m_wallLower.uasset" 644
"../../../../../../WhaleplaneStudios/FinanceRun/Content/_FinanceRun/Meshes/fr_m_wallUpper.uasset" 645
"../../../../../../WhaleplaneStudios/FinanceRun/Content/_FinanceRun/Blueprints/Room/fr_bp_tileBlock.uasset" 646
"../../../../../../WhaleplaneStudios/FinanceRun/Content/_FinanceRun/Maps/fr_m_main_BuiltData.uasset" 647
"../../../../../../WhaleplaneStudios/FinanceRun/Content/_FinanceRun/Maps/fr_m_main.umap" 648
"../../../../../../WhaleplaneStudios/FinanceRun/Content/_FinanceRun/Materials/fr_mat_electricity.uasset" 649
"../../../../../../WhaleplaneStudios/FinanceRun/Content/_FinanceRun/Meshes/fr_m_electricityBill.uasset" 650
"../../../../../../WhaleplaneStudios/FinanceRun/Content/_FinanceRun/Blueprints/Enemy/fr_bp_enemyElectricityBill.uasset" 651
"../../../../../../WhaleplaneStudios/FinanceRun/Content/_FinanceRun/Materials/fr_mat_bread.uasset" 652
"../../../../../../WhaleplaneStudios/FinanceRun/Content/_FinanceRun/Materials/fr_mat_lettuce.uasset" 653
"../../../../../../WhaleplaneStudios/FinanceRun/Content/_FinanceRun/Materials/fr_mat_paperBag.uasset" 654
"../../../../../../WhaleplaneStudios/FinanceRun/Content/_FinanceRun/Meshes/fr_m_groceries.uasset" 655
"../../../../../../WhaleplaneStudios/FinanceRun/Content/_FinanceRun/Blueprints/Enemy/fr_bp_enemyGroceries.uasset" 656
"../../../../../../WhaleplaneStudios/FinanceRun/Content/_FinanceRun/Materials/fr_mat_heat.uasset" 657
"../../../../../../WhaleplaneStudios/FinanceRun/Content/_FinanceRun/Meshes/fr_m_heatingBill.uasset" 658
"../../../../../../WhaleplaneStudios/FinanceRun/Content/_FinanceRun/Blueprints/Enemy/fr_bp_enemyHeatingBill.uasset" 659
"../../../../../../WhaleplaneStudios/FinanceRun/Content/_FinanceRun/Materials/fr_mat_water.uasset" 660
"../../../../../../WhaleplaneStudios/FinanceRun/Content/_FinanceRun/Meshes/fr_m_waterBill.uasset" 661
"../../../../../../WhaleplaneStudios/FinanceRun/Content/_FinanceRun/Blueprints/Enemy/fr_bp_enemyWaterBill.uasset" 662
"../../../../../../WhaleplaneStudios/FinanceRun/Content/_FinanceRun/Blueprints/Character/fr_bp_playerController.uasset" 663
"../../../../../../WhaleplaneStudios/FinanceRun/Content/_FinanceRun/Blueprints/Character/fr_bp_gamemode.uasset" 664
"../../../Engine/Content/BasicShapes/Sphere.uasset" 665
"../../../../../../WhaleplaneStudios/FinanceRun/Content/_FinanceRun/Blueprints/Interactable/fr_bp_interactableBase.uasset" 666
"../../../../../../WhaleplaneStudios/FinanceRun/Content/_FinanceRun/Materials/fr_mat_door.uasset" 667
"../../../../../../WhaleplaneStudios/FinanceRun/Content/_FinanceRun/Materials/fr_mat_doorInner.uasset" 668
"../../../../../../WhaleplaneStudios/FinanceRun/Content/_FinanceRun/Meshes/fr_m_door.uasset" 669
"../../../../../../WhaleplaneStudios/FinanceRun/Content/_FinanceRun/UI/fr_w_retirementPopup2.uasset" 670
"../../../../../../WhaleplaneStudios/FinanceRun/Content/_FinanceRun/UI/fr_w_retirementPopup1.uasset" 671
"../../../../../../WhaleplaneStudios/FinanceRun/Content/_FinanceRun/Blueprints/Interactable/fr_bp_door.uasset" 672
"../../../../../../WhaleplaneStudios/FinanceRun/Content/_FinanceRun/Materials/fr_mat_item.uasset" 673
"../../../../../../WhaleplaneStudios/FinanceRun/Content/_FinanceRun/Particles/fr_fx_item.uasset" 674
"../../../../../../WhaleplaneStudios/FinanceRun/Content/_FinanceRun/Audio/fr_s_getItem.uasset" 675
"../../../../../../WhaleplaneStudios/FinanceRun/Content/_FinanceRun/Audio/fr_cue_getItem.uasset" 676
"../../../../../../WhaleplaneStudios/FinanceRun/Content/_FinanceRun/Meshes/fr_m_item.uasset" 677
"../../../../../../WhaleplaneStudios/FinanceRun/Content/_FinanceRun/Blueprints/Interactable/fr_bp_item.uasset" 678
"../../../../../../WhaleplaneStudios/FinanceRun/Content/_FinanceRun/Materials/fr_mat_block.uasset" 679
"../../../../../../WhaleplaneStudios/FinanceRun/Content/_FinanceRun/Meshes/fr_m_blockLower.uasset" 680
"../../../../../../WhaleplaneStudios/FinanceRun/Content/_FinanceRun/Meshes/fr_m_blockUpper.uasset" 681
"../../../../../../WhaleplaneStudios/FinanceRun/Content/_FinanceRun/Blueprints/Room/fr_bp_tileRandomBlocks.uasset" 682
"../../../../../../WhaleplaneStudios/FinanceRun/Content/_FinanceRun/Maps/fr_m_room01_BuiltData.uasset" 683
"../../../../../../WhaleplaneStudios/FinanceRun/Content/_FinanceRun/UI/fr_w_introPopup.uasset" 684
"../../../../../../WhaleplaneStudios/FinanceRun/Content/_FinanceRun/Maps/fr_m_room01.umap" 685
"../../../../../../WhaleplaneStudios/FinanceRun/Content/_FinanceRun/Materials/fr_mat_gas.uasset" 686
"../../../../../../WhaleplaneStudios/FinanceRun/Content/_FinanceRun/Meshes/fr_m_gas.uasset" 687
"../../../../../../WhaleplaneStudios/FinanceRun/Content/_FinanceRun/Blueprints/Enemy/fr_bp_enemyTankOfGas.uasset" 688
"../../../../../../WhaleplaneStudios/FinanceRun/Content/_FinanceRun/Maps/fr_m_room02_BuiltData.uasset" 689
"../../../../../../WhaleplaneStudios/FinanceRun/Content/_FinanceRun/UI/fr_w_educationPopup2.uasset" 690
"../../../../../../WhaleplaneStudios/FinanceRun/Content/_FinanceRun/UI/fr_w_educationPopup1.uasset" 691
"../../../../../../WhaleplaneStudios/FinanceRun/Content/_FinanceRun/UI/fr_w_vehiclePopup3.uasset" 692
"../../../../../../WhaleplaneStudios/FinanceRun/Content/_FinanceRun/UI/fr_w_vehiclePopup2.uasset" 693
"../../../../../../WhaleplaneStudios/FinanceRun/Content/_FinanceRun/UI/fr_w_vehiclePopup1.uasset" 694
"../../../../../../WhaleplaneStudios/FinanceRun/Content/_FinanceRun/UI/fr_w_salaryPopup.uasset" 695
"../../../../../../WhaleplaneStudios/FinanceRun/Content/_FinanceRun/Maps/fr_m_room02.umap" 696
"../../../../../../WhaleplaneStudios/FinanceRun/Content/_FinanceRun/Maps/fr_m_room03_BuiltData.uasset" 697
"../../../../../../WhaleplaneStudios/FinanceRun/Content/_FinanceRun/Maps/fr_m_room03.umap" 698
"../../../../../../WhaleplaneStudios/FinanceRun/Content/_FinanceRun/Meshes/fr_m_carInsurance.uasset" 699
"../../../../../../WhaleplaneStudios/FinanceRun/Content/_FinanceRun/Blueprints/Enemy/fr_bp_enemyCarInsurance.uasset" 700
"../../../../../../WhaleplaneStudios/FinanceRun/Content/_FinanceRun/Maps/fr_m_room04_BuiltData.uasset" 701
"../../../../../../WhaleplaneStudios/FinanceRun/Content/_FinanceRun/Maps/fr_m_room04.umap" 702
"../../../../../../WhaleplaneStudios/FinanceRun/Content/_FinanceRun/Materials/fr_mat_metal.uasset" 703
"../../../../../../WhaleplaneStudios/FinanceRun/Content/_FinanceRun/Materials/fr_mat_metalDark.uasset" 704
"../../../../../../WhaleplaneStudios/FinanceRun/Content/_FinanceRun/Meshes/fr_m_carRepair.uasset" 705
"../../../../../../WhaleplaneStudios/FinanceRun/Content/_FinanceRun/Blueprints/Enemy/fr_bp_enemyCarRepairs.uasset" 706
"../../../../../../WhaleplaneStudios/FinanceRun/Content/_FinanceRun/Maps/fr_m_room05_BuiltData.uasset" 707
"../../../../../../WhaleplaneStudios/FinanceRun/Content/_FinanceRun/Maps/fr_m_room05.umap" 708
"../../../../../../WhaleplaneStudios/FinanceRun/Content/_FinanceRun/Materials/fr_mat_windowBlack.uasset" 709
"../../../../../../WhaleplaneStudios/FinanceRun/Content/_FinanceRun/Meshes/fr_m_appliance.uasset" 710
"../../../../../../WhaleplaneStudios/FinanceRun/Content/_FinanceRun/Blueprints/Enemy/fr_bp_enemyApplianceReplacement.uasset" 711
"../../../../../../WhaleplaneStudios/FinanceRun/Content/_FinanceRun/Maps/fr_m_room06_BuiltData.uasset" 712
"../../../../../../WhaleplaneStudios/FinanceRun/Content/_FinanceRun/Maps/fr_m_room06.umap" 713
"../../../../../../WhaleplaneStudios/FinanceRun/Content/_FinanceRun/Materials/fr_mat_Roof.uasset" 714
"../../../../../../WhaleplaneStudios/FinanceRun/Content/_FinanceRun/Meshes/fr_m_roofDamage.uasset" 715
"../../../../../../WhaleplaneStudios/FinanceRun/Content/_FinanceRun/Blueprints/Enemy/fr_bp_enemyRoofDamage.uasset" 716
"../../../../../../WhaleplaneStudios/FinanceRun/Content/_FinanceRun/Maps/fr_m_room07_BuiltData.uasset" 717
"../../../../../../WhaleplaneStudios/FinanceRun/Content/_FinanceRun/Maps/fr_m_room07.umap" 718
"../../../../../../WhaleplaneStudios/FinanceRun/Content/_FinanceRun/Maps/fr_m_room08_BuiltData.uasset" 719
"../../../../../../WhaleplaneStudios/FinanceRun/Content/_FinanceRun/Maps/fr_m_room08.umap" 720
"../../../../../../WhaleplaneStudios/FinanceRun/Content/_FinanceRun/Materials/fr_mat_house.uasset" 721
"../../../../../../WhaleplaneStudios/FinanceRun/Content/_FinanceRun/Materials/fr_mat_windowWhite.uasset" 722
"../../../../../../WhaleplaneStudios/FinanceRun/Content/_FinanceRun/Meshes/fr_m_floodDamage.uasset" 723
"../../../../../../WhaleplaneStudios/FinanceRun/Content/_FinanceRun/Blueprints/Enemy/fr_bp_enemyFloodDamage.uasset" 724
"../../../../../../WhaleplaneStudios/FinanceRun/Content/_FinanceRun/Meshes/fr_m_newTires.uasset" 725
"../../../../../../WhaleplaneStudios/FinanceRun/Content/_FinanceRun/Blueprints/Enemy/fr_bp_enemyNewTires.uasset" 726
"../../../../../../WhaleplaneStudios/FinanceRun/Content/_FinanceRun/Maps/fr_m_room09_BuiltData.uasset" 727
"../../../../../../WhaleplaneStudios/FinanceRun/Content/_FinanceRun/Maps/fr_m_room09.umap" 728
"../../../../../../WhaleplaneStudios/FinanceRun/Content/_FinanceRun/Materials/fr_mat_present1.uasset" 729
"../../../../../../WhaleplaneStudios/FinanceRun/Content/_FinanceRun/Materials/fr_mat_present2.uasset" 730
"../../../../../../WhaleplaneStudios/FinanceRun/Content/_FinanceRun/Meshes/fr_m_holiday.uasset" 731
"../../../../../../WhaleplaneStudios/FinanceRun/Content/_FinanceRun/Blueprints/Enemy/fr_bp_enemyHolidayShopping.uasset" 732
"../../../../../../WhaleplaneStudios/FinanceRun/Content/_FinanceRun/Meshes/fr_m_hammer.uasset" 733
"../../../../../../WhaleplaneStudios/FinanceRun/Content/_FinanceRun/Blueprints/Enemy/fr_bp_enemyRenovations.uasset" 734
"../../../../../../WhaleplaneStudios/FinanceRun/Content/_FinanceRun/Maps/fr_m_room10_BuiltData.uasset" 735
"../../../../../../WhaleplaneStudios/FinanceRun/Content/_FinanceRun/Maps/fr_m_room10.umap" 736
"../../../../../../WhaleplaneStudios/FinanceRun/Content/_FinanceRun/Maps/fr_m_roomTemplate.umap" 737
"../../../../../../WhaleplaneStudios/FinanceRun/Content/_FinanceRun/Blueprints/Interactable/fr_bp_testAddMoney.uasset" 738
"../../../../../../WhaleplaneStudios/FinanceRun/Content/_FinanceRun/Maps/fr_m_testMap_BuiltData.uasset" 739
"../../../../../../WhaleplaneStudios/FinanceRun/Content/_FinanceRun/Maps/fr_m_testMap.umap" 740
"../../../Engine/Content/Maps/Entry_BuiltData.uasset" 741
"../../../Engine/Content/Maps/Entry.umap" 742
